Analysis & Synthesis report for processador
Tue Aug  7 10:45:46 2018
Quartus Prime Version 17.1.0 Build 590 10/25/2017 SJ Lite Edition


---------------------
; Table of Contents ;
---------------------
  1. Legal Notice
  2. Analysis & Synthesis Summary
  3. Analysis & Synthesis Settings
  4. Parallel Compilation
  5. Analysis & Synthesis Messages



----------------
; Legal Notice ;
----------------
Copyright (C) 2017  Intel Corporation. All rights reserved.
Your use of Intel Corporation's design tools, logic functions 
and other software and tools, and its AMPP partner logic 
functions, and any output files from any of the foregoing 
(including device programming or simulation files), and any 
associated documentation or information are expressly subject 
to the terms and conditions of the Intel Program License 
Subscription Agreement, the Intel Quartus Prime License Agreement,
the Intel FPGA IP License Agreement, or other applicable license
agreement, including, without limitation, that your use is for
the sole purpose of programming logic devices manufactured by
Intel and sold by Intel or its authorized distributors.  Please
refer to the applicable agreement for further details.



+---------------------------------------------------------------------------+
; Analysis & Synthesis Summary                                              ;
+-----------------------------+---------------------------------------------+
; Analysis & Synthesis Status ; Failed - Tue Aug  7 10:45:46 2018           ;
; Quartus Prime Version       ; 17.1.0 Build 590 10/25/2017 SJ Lite Edition ;
; Revision Name               ; processador                                 ;
; Top-level Entity Name       ; processador                                 ;
; Family                      ; Cyclone V                                   ;
; Logic utilization (in ALMs) ; N/A until Partition Merge                   ;
; Total registers             ; N/A until Partition Merge                   ;
; Total pins                  ; N/A until Partition Merge                   ;
; Total virtual pins          ; N/A until Partition Merge                   ;
; Total block memory bits     ; N/A until Partition Merge                   ;
; Total PLLs                  ; N/A until Partition Merge                   ;
; Total DLLs                  ; N/A until Partition Merge                   ;
+-----------------------------+---------------------------------------------+


+---------------------------------------------------------------------------------------------------------------------------+
; Analysis & Synthesis Settings                                                                                             ;
+---------------------------------------------------------------------------------+--------------------+--------------------+
; Option                                                                          ; Setting            ; Default Value      ;
+---------------------------------------------------------------------------------+--------------------+--------------------+
; Device                                                                          ; 5CGXFC7C7F23C8     ;                    ;
; Top-level entity name                                                           ; processador        ; processador        ;
; Family name                                                                     ; Cyclone V          ; Cyclone V          ;
; Use smart compilation                                                           ; Off                ; Off                ;
; Enable parallel Assembler and TimeQuest Timing Analyzer during compilation      ; On                 ; On                 ;
; Enable compact report table                                                     ; Off                ; Off                ;
; Restructure Multiplexers                                                        ; Auto               ; Auto               ;
; MLAB Add Timing Constraints For Mixed-Port Feed-Through Mode Setting Don't Care ; Off                ; Off                ;
; Create Debugging Nodes for IP Cores                                             ; Off                ; Off                ;
; Preserve fewer node names                                                       ; On                 ; On                 ;
; Intel FPGA IP Evaluation Mode                                                   ; Enable             ; Enable             ;
; Verilog Version                                                                 ; Verilog_2001       ; Verilog_2001       ;
; VHDL Version                                                                    ; VHDL_1993          ; VHDL_1993          ;
; State Machine Processing                                                        ; Auto               ; Auto               ;
; Safe State Machine                                                              ; Off                ; Off                ;
; Extract Verilog State Machines                                                  ; On                 ; On                 ;
; Extract VHDL State Machines                                                     ; On                 ; On                 ;
; Ignore Verilog initial constructs                                               ; Off                ; Off                ;
; Iteration limit for constant Verilog loops                                      ; 5000               ; 5000               ;
; Iteration limit for non-constant Verilog loops                                  ; 250                ; 250                ;
; Add Pass-Through Logic to Inferred RAMs                                         ; On                 ; On                 ;
; Infer RAMs from Raw Logic                                                       ; On                 ; On                 ;
; Parallel Synthesis                                                              ; On                 ; On                 ;
; DSP Block Balancing                                                             ; Auto               ; Auto               ;
; NOT Gate Push-Back                                                              ; On                 ; On                 ;
; Power-Up Don't Care                                                             ; On                 ; On                 ;
; Remove Redundant Logic Cells                                                    ; Off                ; Off                ;
; Remove Duplicate Registers                                                      ; On                 ; On                 ;
; Ignore CARRY Buffers                                                            ; Off                ; Off                ;
; Ignore CASCADE Buffers                                                          ; Off                ; Off                ;
; Ignore GLOBAL Buffers                                                           ; Off                ; Off                ;
; Ignore ROW GLOBAL Buffers                                                       ; Off                ; Off                ;
; Ignore LCELL Buffers                                                            ; Off                ; Off                ;
; Ignore SOFT Buffers                                                             ; On                 ; On                 ;
; Limit AHDL Integers to 32 Bits                                                  ; Off                ; Off                ;
; Optimization Technique                                                          ; Balanced           ; Balanced           ;
; Carry Chain Length                                                              ; 70                 ; 70                 ;
; Auto Carry Chains                                                               ; On                 ; On                 ;
; Auto Open-Drain Pins                                                            ; On                 ; On                 ;
; Perform WYSIWYG Primitive Resynthesis                                           ; Off                ; Off                ;
; Auto ROM Replacement                                                            ; On                 ; On                 ;
; Auto RAM Replacement                                                            ; On                 ; On                 ;
; Auto DSP Block Replacement                                                      ; On                 ; On                 ;
; Auto Shift Register Replacement                                                 ; Auto               ; Auto               ;
; Allow Shift Register Merging across Hierarchies                                 ; Auto               ; Auto               ;
; Auto Clock Enable Replacement                                                   ; On                 ; On                 ;
; Strict RAM Replacement                                                          ; Off                ; Off                ;
; Allow Synchronous Control Signals                                               ; On                 ; On                 ;
; Force Use of Synchronous Clear Signals                                          ; Off                ; Off                ;
; Auto Resource Sharing                                                           ; Off                ; Off                ;
; Allow Any RAM Size For Recognition                                              ; Off                ; Off                ;
; Allow Any ROM Size For Recognition                                              ; Off                ; Off                ;
; Allow Any Shift Register Size For Recognition                                   ; Off                ; Off                ;
; Use LogicLock Constraints during Resource Balancing                             ; On                 ; On                 ;
; Ignore translate_off and synthesis_off directives                               ; Off                ; Off                ;
; Timing-Driven Synthesis                                                         ; On                 ; On                 ;
; Report Parameter Settings                                                       ; On                 ; On                 ;
; Report Source Assignments                                                       ; On                 ; On                 ;
; Report Connectivity Checks                                                      ; On                 ; On                 ;
; Ignore Maximum Fan-Out Assignments                                              ; Off                ; Off                ;
; Synchronization Register Chain Length                                           ; 3                  ; 3                  ;
; Power Optimization During Synthesis                                             ; Normal compilation ; Normal compilation ;
; HDL message level                                                               ; Level2             ; Level2             ;
; Suppress Register Optimization Related Messages                                 ; Off                ; Off                ;
; Number of Removed Registers Reported in Synthesis Report                        ; 5000               ; 5000               ;
; Number of Swept Nodes Reported in Synthesis Report                              ; 5000               ; 5000               ;
; Number of Inverted Registers Reported in Synthesis Report                       ; 100                ; 100                ;
; Clock MUX Protection                                                            ; On                 ; On                 ;
; Auto Gated Clock Conversion                                                     ; Off                ; Off                ;
; Block Design Naming                                                             ; Auto               ; Auto               ;
; SDC constraint protection                                                       ; Off                ; Off                ;
; Synthesis Effort                                                                ; Auto               ; Auto               ;
; Shift Register Replacement - Allow Asynchronous Clear Signal                    ; On                 ; On                 ;
; Pre-Mapping Resynthesis Optimization                                            ; Off                ; Off                ;
; Analysis & Synthesis Message Level                                              ; Medium             ; Medium             ;
; Disable Register Merging Across Hierarchies                                     ; Auto               ; Auto               ;
; Resource Aware Inference For Block RAM                                          ; On                 ; On                 ;
; Automatic Parallel Synthesis                                                    ; On                 ; On                 ;
; Partial Reconfiguration Bitstream ID                                            ; Off                ; Off                ;
+---------------------------------------------------------------------------------+--------------------+--------------------+


+------------------------------------------+
; Parallel Compilation                     ;
+----------------------------+-------------+
; Processors                 ; Number      ;
+----------------------------+-------------+
; Number detected on machine ; 4           ;
; Maximum allowed            ; 2           ;
;                            ;             ;
; Average used               ; 1.00        ;
; Maximum used               ; 1           ;
;                            ;             ;
; Usage by Processor         ; % Time Used ;
;     Processor 1            ; 100.0%      ;
+----------------------------+-------------+


+-------------------------------+
; Analysis & Synthesis Messages ;
+-------------------------------+
Info: *******************************************************************
Info: Running Quartus Prime Analysis & Synthesis
    Info: Version 17.1.0 Build 590 10/25/2017 SJ Lite Edition
    Info: Processing started: Tue Aug  7 10:40:37 2018
Info: Command: quartus_map --read_settings_files=on --write_settings_files=off processador -c processador
Warning (18236): Number of processors has not been specified which may cause overloading on shared machines.  Set the global assignment NUM_PARALLEL_PROCESSORS in your QSF to an appropriate value for best performance.
Info (20030): Parallel compilation is enabled and will use 2 of the 2 processors detected
Info (12021): Found 1 design units, including 1 entities, in source file dec3to8.v
    Info (12023): Found entity 1: dec3to8 File: /home/victtor/intelFPGA_lite/17.1/dec3to8.v Line: 1
Info (12021): Found 1 design units, including 1 entities, in source file regn.v
    Info (12023): Found entity 1: regn File: /home/victtor/intelFPGA_lite/17.1/regn.v Line: 1
Info (12021): Found 1 design units, including 1 entities, in source file processador.v
    Info (12023): Found entity 1: processador File: /home/victtor/intelFPGA_lite/17.1/processador.v Line: 1
Warning (10236): Verilog HDL Implicit Net warning at processador.v(24): created implicit net for "Sel" File: /home/victtor/intelFPGA_lite/17.1/processador.v Line: 24
Error (10137): Verilog HDL Procedural Assignment error at processador.v(52): object "BusWires" on left-hand side of assignment must have a variable data type File: /home/victtor/intelFPGA_lite/17.1/processador.v Line: 52
Error (10137): Verilog HDL Procedural Assignment error at processador.v(55): object "BusWires" on left-hand side of assignment must have a variable data type File: /home/victtor/intelFPGA_lite/17.1/processador.v Line: 55
Error (10137): Verilog HDL Procedural Assignment error at processador.v(58): object "BusWires" on left-hand side of assignment must have a variable data type File: /home/victtor/intelFPGA_lite/17.1/processador.v Line: 58
Error (10137): Verilog HDL Procedural Assignment error at processador.v(61): object "BusWires" on left-hand side of assignment must have a variable data type File: /home/victtor/intelFPGA_lite/17.1/processador.v Line: 61
Error (10137): Verilog HDL Procedural Assignment error at processador.v(64): object "BusWires" on left-hand side of assignment must have a variable data type File: /home/victtor/intelFPGA_lite/17.1/processador.v Line: 64
Error (10137): Verilog HDL Procedural Assignment error at processador.v(67): object "BusWires" on left-hand side of assignment must have a variable data type File: /home/victtor/intelFPGA_lite/17.1/processador.v Line: 67
Error (10137): Verilog HDL Procedural Assignment error at processador.v(70): object "BusWires" on left-hand side of assignment must have a variable data type File: /home/victtor/intelFPGA_lite/17.1/processador.v Line: 70
Error (10137): Verilog HDL Procedural Assignment error at processador.v(73): object "BusWires" on left-hand side of assignment must have a variable data type File: /home/victtor/intelFPGA_lite/17.1/processador.v Line: 73
Error (10137): Verilog HDL Procedural Assignment error at processador.v(76): object "BusWires" on left-hand side of assignment must have a variable data type File: /home/victtor/intelFPGA_lite/17.1/processador.v Line: 76
Error (10137): Verilog HDL Procedural Assignment error at processador.v(78): object "BusWires" on left-hand side of assignment must have a variable data type File: /home/victtor/intelFPGA_lite/17.1/processador.v Line: 78
Error (10137): Verilog HDL Procedural Assignment error at processador.v(88): object "T_State" on left-hand side of assignment must have a variable data type File: /home/victtor/intelFPGA_lite/17.1/processador.v Line: 88
Error (10137): Verilog HDL Procedural Assignment error at processador.v(89): object "IRin" on left-hand side of assignment must have a variable data type File: /home/victtor/intelFPGA_lite/17.1/processador.v Line: 89
Error (10137): Verilog HDL Procedural Assignment error at processador.v(99): object "IRin" on left-hand side of assignment must have a variable data type File: /home/victtor/intelFPGA_lite/17.1/processador.v Line: 99
Error (10137): Verilog HDL Procedural Assignment error at processador.v(100): object "Done" on left-hand side of assignment must have a variable data type File: /home/victtor/intelFPGA_lite/17.1/processador.v Line: 100
Error (10137): Verilog HDL Procedural Assignment error at processador.v(101): object "Rout" on left-hand side of assignment must have a variable data type File: /home/victtor/intelFPGA_lite/17.1/processador.v Line: 101
Error (10137): Verilog HDL Procedural Assignment error at processador.v(102): object "Gout" on left-hand side of assignment must have a variable data type File: /home/victtor/intelFPGA_lite/17.1/processador.v Line: 102
Error (10137): Verilog HDL Procedural Assignment error at processador.v(103): object "DINout" on left-hand side of assignment must have a variable data type File: /home/victtor/intelFPGA_lite/17.1/processador.v Line: 103
Error (10137): Verilog HDL Procedural Assignment error at processador.v(106): object "T_State" on left-hand side of assignment must have a variable data type File: /home/victtor/intelFPGA_lite/17.1/processador.v Line: 106
Error (10137): Verilog HDL Procedural Assignment error at processador.v(108): object "T_State" on left-hand side of assignment must have a variable data type File: /home/victtor/intelFPGA_lite/17.1/processador.v Line: 108
Error: Quartus Prime Analysis & Synthesis was unsuccessful. 19 errors, 2 warnings
    Error: Peak virtual memory: 940 megabytes
    Error: Processing ended: Tue Aug  7 10:45:47 2018
    Error: Elapsed time: 00:05:10
    Error: Total CPU time (on all processors): 00:00:47


